<?xml version="1.0" encoding="UTF-8"?>
<testsuite name="com.example.managerservice.ManagerServiceApplicationTests" tests="1" skipped="0" failures="0" errors="0" timestamp="2022-08-23T03:12:35" hostname="JeongHuns-MacBook-Pro.local" time="0.239">
  <properties/>
  <testcase name="contextLoads()" classname="com.example.managerservice.ManagerServiceApplicationTests" time="0.239"/>
  <system-out><![CDATA[12:12:34.048 [Test worker] DEBUG org.springframework.test.context.BootstrapUtils - Instantiating CacheAwareContextLoaderDelegate from class [org.springframework.test.context.cache.DefaultCacheAwareContextLoaderDelegate]
12:12:34.055 [Test worker] DEBUG org.springframework.test.context.BootstrapUtils - Instantiating BootstrapContext using constructor [public org.springframework.test.context.support.DefaultBootstrapContext(java.lang.Class,org.springframework.test.context.CacheAwareContextLoaderDelegate)]
12:12:34.074 [Test worker] DEBUG org.springframework.test.context.BootstrapUtils - Instantiating TestContextBootstrapper for test class [com.example.managerservice.ManagerServiceApplicationTests] from class [org.springframework.boot.test.context.SpringBootTestContextBootstrapper]
12:12:34.080 [Test worker] INFO org.springframework.boot.test.context.SpringBootTestContextBootstrapper - Neither @ContextConfiguration nor @ContextHierarchy found for test class [com.example.managerservice.ManagerServiceApplicationTests], using SpringBootContextLoader
12:12:34.082 [Test worker] DEBUG org.springframework.test.context.support.AbstractContextLoader - Did not detect default resource location for test class [com.example.managerservice.ManagerServiceApplicationTests]: class path resource [com/example/managerservice/ManagerServiceApplicationTests-context.xml] does not exist
12:12:34.082 [Test worker] DEBUG org.springframework.test.context.support.AbstractContextLoader - Did not detect default resource location for test class [com.example.managerservice.ManagerServiceApplicationTests]: class path resource [com/example/managerservice/ManagerServiceApplicationTestsContext.groovy] does not exist
12:12:34.082 [Test worker] INFO org.springframework.test.context.support.AbstractContextLoader - Could not detect default resource locations for test class [com.example.managerservice.ManagerServiceApplicationTests]: no resource found for suffixes {-context.xml, Context.groovy}.
12:12:34.083 [Test worker] INFO org.springframework.test.context.support.AnnotationConfigContextLoaderUtils - Could not detect default configuration classes for test class [com.example.managerservice.ManagerServiceApplicationTests]: ManagerServiceApplicationTests does not declare any static, non-private, non-final, nested classes annotated with @Configuration.
12:12:34.104 [Test worker] DEBUG org.springframework.test.context.support.ActiveProfilesUtils - Could not find an 'annotation declaring class' for annotation type [org.springframework.test.context.ActiveProfiles] and class [com.example.managerservice.ManagerServiceApplicationTests]
12:12:34.135 [Test worker] DEBUG org.springframework.context.annotation.ClassPathScanningCandidateComponentProvider - Identified candidate component class: file [/Users/jeonghun/Desktop/ENG-SERVER/manager-service/build/classes/java/main/com/example/managerservice/ManagerServiceApplication.class]
12:12:34.136 [Test worker] INFO org.springframework.boot.test.context.SpringBootTestContextBootstrapper - Found @SpringBootConfiguration com.example.managerservice.ManagerServiceApplication for test class com.example.managerservice.ManagerServiceApplicationTests
12:12:34.184 [Test worker] DEBUG org.springframework.boot.test.context.SpringBootTestContextBootstrapper - @TestExecutionListeners is not present for class [com.example.managerservice.ManagerServiceApplicationTests]: using defaults.
12:12:34.185 [Test worker] INFO org.springframework.boot.test.context.SpringBootTestContextBootstrapper - Loaded default TestExecutionListener class names from location [META-INF/spring.factories]: [org.springframework.boot.test.autoconfigure.restdocs.RestDocsTestExecutionListener, org.springframework.boot.test.autoconfigure.web.client.MockRestServiceServerResetTestExecutionListener, org.springframework.boot.test.autoconfigure.web.servlet.MockMvcPrintOnlyOnFailureTestExecutionListener, org.springframework.boot.test.autoconfigure.web.servlet.WebDriverTestExecutionListener, org.springframework.boot.test.autoconfigure.webservices.client.MockWebServiceServerTestExecutionListener, org.springframework.boot.test.mock.mockito.MockitoTestExecutionListener, org.springframework.boot.test.mock.mockito.ResetMocksTestExecutionListener, org.springframework.test.context.web.ServletTestExecutionListener, org.springframework.test.context.support.DirtiesContextBeforeModesTestExecutionListener, org.springframework.test.context.event.ApplicationEventsTestExecutionListener, org.springframework.test.context.support.DependencyInjectionTestExecutionListener, org.springframework.test.context.support.DirtiesContextTestExecutionListener, org.springframework.test.context.transaction.TransactionalTestExecutionListener, org.springframework.test.context.jdbc.SqlScriptsTestExecutionListener, org.springframework.test.context.event.EventPublishingTestExecutionListener]
12:12:34.192 [Test worker] INFO org.springframework.boot.test.context.SpringBootTestContextBootstrapper - Using TestExecutionListeners: [org.springframework.test.context.web.ServletTestExecutionListener@56bca85b, org.springframework.test.context.support.DirtiesContextBeforeModesTestExecutionListener@75d0911a, org.springframework.test.context.event.ApplicationEventsTestExecutionListener@75e91545, org.springframework.boot.test.mock.mockito.MockitoTestExecutionListener@60d1a32f, org.springframework.boot.test.autoconfigure.SpringBootDependencyInjectionTestExecutionListener@531c311e, org.springframework.test.context.support.DirtiesContextTestExecutionListener@22b53226, org.springframework.test.context.transaction.TransactionalTestExecutionListener@1fcb4808, org.springframework.test.context.jdbc.SqlScriptsTestExecutionListener@726e5805, org.springframework.test.context.event.EventPublishingTestExecutionListener@40c80397, org.springframework.boot.test.autoconfigure.restdocs.RestDocsTestExecutionListener@4b672daa, org.springframework.boot.test.autoconfigure.web.client.MockRestServiceServerResetTestExecutionListener@ea9b7c6, org.springframework.boot.test.autoconfigure.web.servlet.MockMvcPrintOnlyOnFailureTestExecutionListener@e077866, org.springframework.boot.test.autoconfigure.web.servlet.WebDriverTestExecutionListener@ed3068a, org.springframework.boot.test.autoconfigure.webservices.client.MockWebServiceServerTestExecutionListener@7c2b6087, org.springframework.boot.test.mock.mockito.ResetMocksTestExecutionListener@3fffff43]
12:12:34.194 [Test worker] DEBUG org.springframework.test.context.support.AbstractDirtiesContextTestExecutionListener - Before test class: context [DefaultTestContext@4678a2eb testClass = ManagerServiceApplicationTests, testInstance = [null], testMethod = [null], testException = [null], mergedContextConfiguration = [WebMergedContextConfiguration@5b43fbf6 testClass = ManagerServiceApplicationTests, locations = '{}', classes = '{class com.example.managerservice.ManagerServiceApplication}', contextInitializerClasses = '[]', activeProfiles = '{}', propertySourceLocations = '{}', propertySourceProperties = '{org.springframework.boot.test.context.SpringBootTestContextBootstrapper=true}', contextCustomizers = set[org.springframework.boot.test.autoconfigure.actuate.metrics.MetricsExportContextCustomizerFactory$DisableMetricExportContextCustomizer@4397ad89, org.springframework.boot.test.autoconfigure.properties.PropertyMappingContextCustomizer@0, org.springframework.boot.test.autoconfigure.web.servlet.WebDriverContextCustomizerFactory$Customizer@4241e0f4, org.springframework.boot.test.context.filter.ExcludeFilterContextCustomizer@38604b81, org.springframework.boot.test.json.DuplicateJsonObjectContextCustomizerFactory$DuplicateJsonObjectContextCustomizer@ae3540e, org.springframework.boot.test.mock.mockito.MockitoContextCustomizer@0, org.springframework.boot.test.web.client.TestRestTemplateContextCustomizer@4671115f, org.springframework.boot.test.context.SpringBootTestArgs@1, org.springframework.boot.test.context.SpringBootTestWebEnvironment@17f7cd29], resourceBasePath = 'src/main/webapp', contextLoader = 'org.springframework.boot.test.context.SpringBootContextLoader', parent = [null]], attributes = map['org.springframework.test.context.web.ServletTestExecutionListener.activateListener' -> true]], class annotated with @DirtiesContext [false] with mode [null].

  .   ____          _            __ _ _
 /\\ / ___'_ __ _ _(_)_ __  __ _ \ \ \ \
( ( )\___ | '_ | '_| | '_ \/ _` | \ \ \ \
 \\/  ___)| |_)| | | | | || (_| |  ) ) ) )
  '  |____| .__|_| |_|_| |_\__, | / / / /
 =========|_|==============|___/=/_/_/_/
 :: Spring Boot ::                (v2.7.2)

2022-08-23 12:12:34.385  INFO 62330 --- [    Test worker] c.e.m.ManagerServiceApplicationTests     : Starting ManagerServiceApplicationTests using Java 17.0.2 on JeongHuns-MacBook-Pro.local with PID 62330 (started by jeonghun in /Users/jeonghun/Desktop/ENG-SERVER/manager-service)
2022-08-23 12:12:34.386  INFO 62330 --- [    Test worker] c.e.m.ManagerServiceApplicationTests     : No active profile set, falling back to 1 default profile: "default"
2022-08-23 12:12:35.459  INFO 62330 --- [    Test worker] c.e.m.ManagerServiceApplicationTests     : Started ManagerServiceApplicationTests in 1.246 seconds (JVM running for 1.842)
]]></system-out>
  <system-err><![CDATA[]]></system-err>
</testsuite>
