<?xml version="1.0" encoding="UTF-8"?>
<testsuite name="com.example.managerservice.ManagerServiceApplicationTests" tests="1" skipped="0" failures="0" errors="0" timestamp="2022-08-23T11:05:35" hostname="JeongHuns-MacBook-Pro.local" time="0.587">
  <properties/>
  <testcase name="contextLoads()" classname="com.example.managerservice.ManagerServiceApplicationTests" time="0.587"/>
  <system-out><![CDATA[20:05:28.736 [Test worker] DEBUG org.springframework.test.context.BootstrapUtils - Instantiating CacheAwareContextLoaderDelegate from class [org.springframework.test.context.cache.DefaultCacheAwareContextLoaderDelegate]
20:05:28.751 [Test worker] DEBUG org.springframework.test.context.BootstrapUtils - Instantiating BootstrapContext using constructor [public org.springframework.test.context.support.DefaultBootstrapContext(java.lang.Class,org.springframework.test.context.CacheAwareContextLoaderDelegate)]
20:05:28.813 [Test worker] DEBUG org.springframework.test.context.BootstrapUtils - Instantiating TestContextBootstrapper for test class [com.example.managerservice.ManagerServiceApplicationTests] from class [org.springframework.boot.test.context.SpringBootTestContextBootstrapper]
20:05:28.901 [Test worker] INFO org.springframework.boot.test.context.SpringBootTestContextBootstrapper - Neither @ContextConfiguration nor @ContextHierarchy found for test class [com.example.managerservice.ManagerServiceApplicationTests], using SpringBootContextLoader
20:05:28.909 [Test worker] DEBUG org.springframework.test.context.support.AbstractContextLoader - Did not detect default resource location for test class [com.example.managerservice.ManagerServiceApplicationTests]: class path resource [com/example/managerservice/ManagerServiceApplicationTests-context.xml] does not exist
20:05:28.910 [Test worker] DEBUG org.springframework.test.context.support.AbstractContextLoader - Did not detect default resource location for test class [com.example.managerservice.ManagerServiceApplicationTests]: class path resource [com/example/managerservice/ManagerServiceApplicationTestsContext.groovy] does not exist
20:05:28.910 [Test worker] INFO org.springframework.test.context.support.AbstractContextLoader - Could not detect default resource locations for test class [com.example.managerservice.ManagerServiceApplicationTests]: no resource found for suffixes {-context.xml, Context.groovy}.
20:05:28.911 [Test worker] INFO org.springframework.test.context.support.AnnotationConfigContextLoaderUtils - Could not detect default configuration classes for test class [com.example.managerservice.ManagerServiceApplicationTests]: ManagerServiceApplicationTests does not declare any static, non-private, non-final, nested classes annotated with @Configuration.
20:05:28.992 [Test worker] DEBUG org.springframework.test.context.support.ActiveProfilesUtils - Could not find an 'annotation declaring class' for annotation type [org.springframework.test.context.ActiveProfiles] and class [com.example.managerservice.ManagerServiceApplicationTests]
20:05:29.095 [Test worker] DEBUG org.springframework.context.annotation.ClassPathScanningCandidateComponentProvider - Identified candidate component class: file [/Users/jeonghun/Desktop/ENG-SERVER/manager-service/build/classes/java/main/com/example/managerservice/ManagerServiceApplication.class]
20:05:29.098 [Test worker] INFO org.springframework.boot.test.context.SpringBootTestContextBootstrapper - Found @SpringBootConfiguration com.example.managerservice.ManagerServiceApplication for test class com.example.managerservice.ManagerServiceApplicationTests
20:05:29.260 [Test worker] DEBUG org.springframework.boot.test.context.SpringBootTestContextBootstrapper - @TestExecutionListeners is not present for class [com.example.managerservice.ManagerServiceApplicationTests]: using defaults.
20:05:29.261 [Test worker] INFO org.springframework.boot.test.context.SpringBootTestContextBootstrapper - Loaded default TestExecutionListener class names from location [META-INF/spring.factories]: [org.springframework.boot.test.autoconfigure.restdocs.RestDocsTestExecutionListener, org.springframework.boot.test.autoconfigure.web.client.MockRestServiceServerResetTestExecutionListener, org.springframework.boot.test.autoconfigure.web.servlet.MockMvcPrintOnlyOnFailureTestExecutionListener, org.springframework.boot.test.autoconfigure.web.servlet.WebDriverTestExecutionListener, org.springframework.boot.test.autoconfigure.webservices.client.MockWebServiceServerTestExecutionListener, org.springframework.boot.test.mock.mockito.MockitoTestExecutionListener, org.springframework.boot.test.mock.mockito.ResetMocksTestExecutionListener, org.springframework.test.context.web.ServletTestExecutionListener, org.springframework.test.context.support.DirtiesContextBeforeModesTestExecutionListener, org.springframework.test.context.event.ApplicationEventsTestExecutionListener, org.springframework.test.context.support.DependencyInjectionTestExecutionListener, org.springframework.test.context.support.DirtiesContextTestExecutionListener, org.springframework.test.context.transaction.TransactionalTestExecutionListener, org.springframework.test.context.jdbc.SqlScriptsTestExecutionListener, org.springframework.test.context.event.EventPublishingTestExecutionListener]
20:05:29.282 [Test worker] INFO org.springframework.boot.test.context.SpringBootTestContextBootstrapper - Using TestExecutionListeners: [org.springframework.test.context.web.ServletTestExecutionListener@120f38e6, org.springframework.test.context.support.DirtiesContextBeforeModesTestExecutionListener@7a0e1b5e, org.springframework.test.context.event.ApplicationEventsTestExecutionListener@702ed190, org.springframework.boot.test.mock.mockito.MockitoTestExecutionListener@173b9122, org.springframework.boot.test.autoconfigure.SpringBootDependencyInjectionTestExecutionListener@7c18432b, org.springframework.test.context.support.DirtiesContextTestExecutionListener@7646731d, org.springframework.test.context.transaction.TransactionalTestExecutionListener@70e29e14, org.springframework.test.context.jdbc.SqlScriptsTestExecutionListener@3b1bb3ab, org.springframework.test.context.event.EventPublishingTestExecutionListener@5a4bef8, org.springframework.boot.test.autoconfigure.restdocs.RestDocsTestExecutionListener@40bffbca, org.springframework.boot.test.autoconfigure.web.client.MockRestServiceServerResetTestExecutionListener@2449cff7, org.springframework.boot.test.autoconfigure.web.servlet.MockMvcPrintOnlyOnFailureTestExecutionListener@42a9a63e, org.springframework.boot.test.autoconfigure.web.servlet.WebDriverTestExecutionListener@62da83ed, org.springframework.boot.test.autoconfigure.webservices.client.MockWebServiceServerTestExecutionListener@5d8445d7, org.springframework.boot.test.mock.mockito.ResetMocksTestExecutionListener@37d80fe7]
20:05:29.287 [Test worker] DEBUG org.springframework.test.context.support.AbstractDirtiesContextTestExecutionListener - Before test class: context [DefaultTestContext@344344fa testClass = ManagerServiceApplicationTests, testInstance = [null], testMethod = [null], testException = [null], mergedContextConfiguration = [WebMergedContextConfiguration@2db2cd5 testClass = ManagerServiceApplicationTests, locations = '{}', classes = '{class com.example.managerservice.ManagerServiceApplication}', contextInitializerClasses = '[]', activeProfiles = '{}', propertySourceLocations = '{}', propertySourceProperties = '{org.springframework.boot.test.context.SpringBootTestContextBootstrapper=true}', contextCustomizers = set[org.springframework.boot.test.autoconfigure.actuate.metrics.MetricsExportContextCustomizerFactory$DisableMetricExportContextCustomizer@4c4748bf, org.springframework.boot.test.autoconfigure.properties.PropertyMappingContextCustomizer@0, org.springframework.boot.test.autoconfigure.web.servlet.WebDriverContextCustomizerFactory$Customizer@463b4ac8, org.springframework.boot.test.context.filter.ExcludeFilterContextCustomizer@1d0d6318, org.springframework.boot.test.json.DuplicateJsonObjectContextCustomizerFactory$DuplicateJsonObjectContextCustomizer@758a34ce, org.springframework.boot.test.mock.mockito.MockitoContextCustomizer@0, org.springframework.boot.test.web.client.TestRestTemplateContextCustomizer@7c541c15, org.springframework.boot.test.context.SpringBootTestArgs@1, org.springframework.boot.test.context.SpringBootTestWebEnvironment@2f67a4d3], resourceBasePath = 'src/main/webapp', contextLoader = 'org.springframework.boot.test.context.SpringBootContextLoader', parent = [null]], attributes = map['org.springframework.test.context.web.ServletTestExecutionListener.activateListener' -> true]], class annotated with @DirtiesContext [false] with mode [null].

  .   ____          _            __ _ _
 /\\ / ___'_ __ _ _(_)_ __  __ _ \ \ \ \
( ( )\___ | '_ | '_| | '_ \/ _` | \ \ \ \
 \\/  ___)| |_)| | | | | || (_| |  ) ) ) )
  '  |____| .__|_| |_|_| |_\__, | / / / /
 =========|_|==============|___/=/_/_/_/
 :: Spring Boot ::                (v2.7.2)

2022-08-23 20:05:30.396  INFO 8489 --- [    Test worker] c.e.m.ManagerServiceApplicationTests     : Starting ManagerServiceApplicationTests using Java 11.0.13 on JeongHuns-MacBook-Pro.local with PID 8489 (started by jeonghun in /Users/jeonghun/Desktop/ENG-SERVER/manager-service)
2022-08-23 20:05:30.398  INFO 8489 --- [    Test worker] c.e.m.ManagerServiceApplicationTests     : No active profile set, falling back to 1 default profile: "default"
2022-08-23 20:05:35.456  INFO 8489 --- [    Test worker] c.e.m.ManagerServiceApplicationTests     : Started ManagerServiceApplicationTests in 6.097 seconds (JVM running for 8.427)
]]></system-out>
  <system-err><![CDATA[]]></system-err>
</testsuite>
