<?xml version="1.0" encoding="UTF-8"?>
<testsuite name="com.example.managerservice.ManagerServiceApplicationTests" tests="1" skipped="0" failures="0" errors="0" timestamp="2022-08-29T08:45:55" hostname="JeongHuns-MacBook-Pro.local" time="0.612">
  <properties/>
  <testcase name="contextLoads()" classname="com.example.managerservice.ManagerServiceApplicationTests" time="0.612"/>
  <system-out><![CDATA[17:45:47.889 [Test worker] DEBUG org.springframework.test.context.BootstrapUtils - Instantiating CacheAwareContextLoaderDelegate from class [org.springframework.test.context.cache.DefaultCacheAwareContextLoaderDelegate]
17:45:47.951 [Test worker] DEBUG org.springframework.test.context.BootstrapUtils - Instantiating BootstrapContext using constructor [public org.springframework.test.context.support.DefaultBootstrapContext(java.lang.Class,org.springframework.test.context.CacheAwareContextLoaderDelegate)]
17:45:48.038 [Test worker] DEBUG org.springframework.test.context.BootstrapUtils - Instantiating TestContextBootstrapper for test class [com.example.managerservice.ManagerServiceApplicationTests] from class [org.springframework.boot.test.context.SpringBootTestContextBootstrapper]
17:45:48.063 [Test worker] INFO org.springframework.boot.test.context.SpringBootTestContextBootstrapper - Neither @ContextConfiguration nor @ContextHierarchy found for test class [com.example.managerservice.ManagerServiceApplicationTests], using SpringBootContextLoader
17:45:48.077 [Test worker] DEBUG org.springframework.test.context.support.AbstractContextLoader - Did not detect default resource location for test class [com.example.managerservice.ManagerServiceApplicationTests]: class path resource [com/example/managerservice/ManagerServiceApplicationTests-context.xml] does not exist
17:45:48.078 [Test worker] DEBUG org.springframework.test.context.support.AbstractContextLoader - Did not detect default resource location for test class [com.example.managerservice.ManagerServiceApplicationTests]: class path resource [com/example/managerservice/ManagerServiceApplicationTestsContext.groovy] does not exist
17:45:48.078 [Test worker] INFO org.springframework.test.context.support.AbstractContextLoader - Could not detect default resource locations for test class [com.example.managerservice.ManagerServiceApplicationTests]: no resource found for suffixes {-context.xml, Context.groovy}.
17:45:48.079 [Test worker] INFO org.springframework.test.context.support.AnnotationConfigContextLoaderUtils - Could not detect default configuration classes for test class [com.example.managerservice.ManagerServiceApplicationTests]: ManagerServiceApplicationTests does not declare any static, non-private, non-final, nested classes annotated with @Configuration.
17:45:48.159 [Test worker] DEBUG org.springframework.test.context.support.ActiveProfilesUtils - Could not find an 'annotation declaring class' for annotation type [org.springframework.test.context.ActiveProfiles] and class [com.example.managerservice.ManagerServiceApplicationTests]
17:45:48.345 [Test worker] DEBUG org.springframework.context.annotation.ClassPathScanningCandidateComponentProvider - Identified candidate component class: file [/Users/jeonghun/Desktop/ENG 업무 자료/ENG-SERVER/manager-service/build/classes/java/main/com/example/managerservice/ManagerServiceApplication.class]
17:45:48.349 [Test worker] INFO org.springframework.boot.test.context.SpringBootTestContextBootstrapper - Found @SpringBootConfiguration com.example.managerservice.ManagerServiceApplication for test class com.example.managerservice.ManagerServiceApplicationTests
17:45:48.508 [Test worker] DEBUG org.springframework.boot.test.context.SpringBootTestContextBootstrapper - @TestExecutionListeners is not present for class [com.example.managerservice.ManagerServiceApplicationTests]: using defaults.
17:45:48.508 [Test worker] INFO org.springframework.boot.test.context.SpringBootTestContextBootstrapper - Loaded default TestExecutionListener class names from location [META-INF/spring.factories]: [org.springframework.boot.test.autoconfigure.restdocs.RestDocsTestExecutionListener, org.springframework.boot.test.autoconfigure.web.client.MockRestServiceServerResetTestExecutionListener, org.springframework.boot.test.autoconfigure.web.servlet.MockMvcPrintOnlyOnFailureTestExecutionListener, org.springframework.boot.test.autoconfigure.web.servlet.WebDriverTestExecutionListener, org.springframework.boot.test.autoconfigure.webservices.client.MockWebServiceServerTestExecutionListener, org.springframework.boot.test.mock.mockito.MockitoTestExecutionListener, org.springframework.boot.test.mock.mockito.ResetMocksTestExecutionListener, org.springframework.test.context.web.ServletTestExecutionListener, org.springframework.test.context.support.DirtiesContextBeforeModesTestExecutionListener, org.springframework.test.context.event.ApplicationEventsTestExecutionListener, org.springframework.test.context.support.DependencyInjectionTestExecutionListener, org.springframework.test.context.support.DirtiesContextTestExecutionListener, org.springframework.test.context.transaction.TransactionalTestExecutionListener, org.springframework.test.context.jdbc.SqlScriptsTestExecutionListener, org.springframework.test.context.event.EventPublishingTestExecutionListener]
17:45:48.526 [Test worker] INFO org.springframework.boot.test.context.SpringBootTestContextBootstrapper - Using TestExecutionListeners: [org.springframework.test.context.web.ServletTestExecutionListener@2449cff7, org.springframework.test.context.support.DirtiesContextBeforeModesTestExecutionListener@42a9a63e, org.springframework.test.context.event.ApplicationEventsTestExecutionListener@62da83ed, org.springframework.boot.test.mock.mockito.MockitoTestExecutionListener@5d8445d7, org.springframework.boot.test.autoconfigure.SpringBootDependencyInjectionTestExecutionListener@37d80fe7, org.springframework.test.context.support.DirtiesContextTestExecutionListener@384fc774, org.springframework.test.context.transaction.TransactionalTestExecutionListener@e3cee7b, org.springframework.test.context.jdbc.SqlScriptsTestExecutionListener@71e9a896, org.springframework.test.context.event.EventPublishingTestExecutionListener@6b9267b, org.springframework.boot.test.autoconfigure.restdocs.RestDocsTestExecutionListener@408b35bf, org.springframework.boot.test.autoconfigure.web.client.MockRestServiceServerResetTestExecutionListener@29ad44e3, org.springframework.boot.test.autoconfigure.web.servlet.MockMvcPrintOnlyOnFailureTestExecutionListener@15bcf458, org.springframework.boot.test.autoconfigure.web.servlet.WebDriverTestExecutionListener@5af9926a, org.springframework.boot.test.autoconfigure.webservices.client.MockWebServiceServerTestExecutionListener@43c67247, org.springframework.boot.test.mock.mockito.ResetMocksTestExecutionListener@fac80]
17:45:48.530 [Test worker] DEBUG org.springframework.test.context.support.AbstractDirtiesContextTestExecutionListener - Before test class: context [DefaultTestContext@4362d7df testClass = ManagerServiceApplicationTests, testInstance = [null], testMethod = [null], testException = [null], mergedContextConfiguration = [WebMergedContextConfiguration@66238be2 testClass = ManagerServiceApplicationTests, locations = '{}', classes = '{class com.example.managerservice.ManagerServiceApplication}', contextInitializerClasses = '[]', activeProfiles = '{}', propertySourceLocations = '{}', propertySourceProperties = '{org.springframework.boot.test.context.SpringBootTestContextBootstrapper=true}', contextCustomizers = set[org.springframework.boot.test.autoconfigure.actuate.metrics.MetricsExportContextCustomizerFactory$DisableMetricExportContextCustomizer@47c4ecdc, org.springframework.boot.test.autoconfigure.properties.PropertyMappingContextCustomizer@0, org.springframework.boot.test.autoconfigure.web.servlet.WebDriverContextCustomizerFactory$Customizer@758a34ce, org.springframework.boot.test.context.filter.ExcludeFilterContextCustomizer@5644dc81, org.springframework.boot.test.json.DuplicateJsonObjectContextCustomizerFactory$DuplicateJsonObjectContextCustomizer@6bea52d4, org.springframework.boot.test.mock.mockito.MockitoContextCustomizer@0, org.springframework.boot.test.web.client.TestRestTemplateContextCustomizer@655f7ea, org.springframework.boot.test.context.SpringBootTestArgs@1, org.springframework.boot.test.context.SpringBootTestWebEnvironment@21be3395], resourceBasePath = 'src/main/webapp', contextLoader = 'org.springframework.boot.test.context.SpringBootContextLoader', parent = [null]], attributes = map['org.springframework.test.context.web.ServletTestExecutionListener.activateListener' -> true]], class annotated with @DirtiesContext [false] with mode [null].

  .   ____          _            __ _ _
 /\\ / ___'_ __ _ _(_)_ __  __ _ \ \ \ \
( ( )\___ | '_ | '_| | '_ \/ _` | \ \ \ \
 \\/  ___)| |_)| | | | | || (_| |  ) ) ) )
  '  |____| .__|_| |_|_| |_\__, | / / / /
 =========|_|==============|___/=/_/_/_/
 :: Spring Boot ::                (v2.7.2)

2022-08-29 17:45:49.491  INFO 12380 --- [    Test worker] c.e.m.ManagerServiceApplicationTests     : Starting ManagerServiceApplicationTests using Java 11.0.13 on JeongHuns-MacBook-Pro.local with PID 12380 (started by jeonghun in /Users/jeonghun/Desktop/ENG 업무 자료/ENG-SERVER/manager-service)
2022-08-29 17:45:49.495  INFO 12380 --- [    Test worker] c.e.m.ManagerServiceApplicationTests     : No active profile set, falling back to 1 default profile: "default"
2022-08-29 17:45:54.984  INFO 12380 --- [    Test worker] c.e.m.ManagerServiceApplicationTests     : Started ManagerServiceApplicationTests in 6.384 seconds (JVM running for 8.898)
]]></system-out>
  <system-err><![CDATA[]]></system-err>
</testsuite>
