<?xml version="1.0" encoding="UTF-8"?>
<testsuite name="com.example.managerservice.ManagerServiceApplicationTests" tests="1" skipped="0" failures="0" errors="0" timestamp="2022-09-13T12:34:04" hostname="jeongui-MacBookPro.local" time="0.401">
  <properties/>
  <testcase name="contextLoads()" classname="com.example.managerservice.ManagerServiceApplicationTests" time="0.401"/>
  <system-out><![CDATA[21:33:59.745 [Test worker] DEBUG org.springframework.test.context.BootstrapUtils - Instantiating CacheAwareContextLoaderDelegate from class [org.springframework.test.context.cache.DefaultCacheAwareContextLoaderDelegate]
21:33:59.759 [Test worker] DEBUG org.springframework.test.context.BootstrapUtils - Instantiating BootstrapContext using constructor [public org.springframework.test.context.support.DefaultBootstrapContext(java.lang.Class,org.springframework.test.context.CacheAwareContextLoaderDelegate)]
21:33:59.811 [Test worker] DEBUG org.springframework.test.context.BootstrapUtils - Instantiating TestContextBootstrapper for test class [com.example.managerservice.ManagerServiceApplicationTests] from class [org.springframework.boot.test.context.SpringBootTestContextBootstrapper]
21:33:59.829 [Test worker] INFO org.springframework.boot.test.context.SpringBootTestContextBootstrapper - Neither @ContextConfiguration nor @ContextHierarchy found for test class [com.example.managerservice.ManagerServiceApplicationTests], using SpringBootContextLoader
21:33:59.832 [Test worker] DEBUG org.springframework.test.context.support.AbstractContextLoader - Did not detect default resource location for test class [com.example.managerservice.ManagerServiceApplicationTests]: class path resource [com/example/managerservice/ManagerServiceApplicationTests-context.xml] does not exist
21:33:59.832 [Test worker] DEBUG org.springframework.test.context.support.AbstractContextLoader - Did not detect default resource location for test class [com.example.managerservice.ManagerServiceApplicationTests]: class path resource [com/example/managerservice/ManagerServiceApplicationTestsContext.groovy] does not exist
21:33:59.833 [Test worker] INFO org.springframework.test.context.support.AbstractContextLoader - Could not detect default resource locations for test class [com.example.managerservice.ManagerServiceApplicationTests]: no resource found for suffixes {-context.xml, Context.groovy}.
21:33:59.833 [Test worker] INFO org.springframework.test.context.support.AnnotationConfigContextLoaderUtils - Could not detect default configuration classes for test class [com.example.managerservice.ManagerServiceApplicationTests]: ManagerServiceApplicationTests does not declare any static, non-private, non-final, nested classes annotated with @Configuration.
21:33:59.880 [Test worker] DEBUG org.springframework.test.context.support.ActiveProfilesUtils - Could not find an 'annotation declaring class' for annotation type [org.springframework.test.context.ActiveProfiles] and class [com.example.managerservice.ManagerServiceApplicationTests]
21:33:59.945 [Test worker] DEBUG org.springframework.context.annotation.ClassPathScanningCandidateComponentProvider - Identified candidate component class: file [/Users/jeonghunlee/Desktop/ENG Work File/ENG-SERVER/manager-service/build/classes/java/main/com/example/managerservice/ManagerServiceApplication.class]
21:33:59.947 [Test worker] INFO org.springframework.boot.test.context.SpringBootTestContextBootstrapper - Found @SpringBootConfiguration com.example.managerservice.ManagerServiceApplication for test class com.example.managerservice.ManagerServiceApplicationTests
21:34:00.044 [Test worker] DEBUG org.springframework.boot.test.context.SpringBootTestContextBootstrapper - @TestExecutionListeners is not present for class [com.example.managerservice.ManagerServiceApplicationTests]: using defaults.
21:34:00.045 [Test worker] INFO org.springframework.boot.test.context.SpringBootTestContextBootstrapper - Loaded default TestExecutionListener class names from location [META-INF/spring.factories]: [org.springframework.boot.test.autoconfigure.restdocs.RestDocsTestExecutionListener, org.springframework.boot.test.autoconfigure.web.client.MockRestServiceServerResetTestExecutionListener, org.springframework.boot.test.autoconfigure.web.servlet.MockMvcPrintOnlyOnFailureTestExecutionListener, org.springframework.boot.test.autoconfigure.web.servlet.WebDriverTestExecutionListener, org.springframework.boot.test.autoconfigure.webservices.client.MockWebServiceServerTestExecutionListener, org.springframework.boot.test.mock.mockito.MockitoTestExecutionListener, org.springframework.boot.test.mock.mockito.ResetMocksTestExecutionListener, org.springframework.test.context.web.ServletTestExecutionListener, org.springframework.test.context.support.DirtiesContextBeforeModesTestExecutionListener, org.springframework.test.context.event.ApplicationEventsTestExecutionListener, org.springframework.test.context.support.DependencyInjectionTestExecutionListener, org.springframework.test.context.support.DirtiesContextTestExecutionListener, org.springframework.test.context.transaction.TransactionalTestExecutionListener, org.springframework.test.context.jdbc.SqlScriptsTestExecutionListener, org.springframework.test.context.event.EventPublishingTestExecutionListener]
21:34:00.057 [Test worker] INFO org.springframework.boot.test.context.SpringBootTestContextBootstrapper - Using TestExecutionListeners: [org.springframework.test.context.web.ServletTestExecutionListener@24be2d9c, org.springframework.test.context.support.DirtiesContextBeforeModesTestExecutionListener@5bd73d1a, org.springframework.test.context.event.ApplicationEventsTestExecutionListener@aec50a1, org.springframework.boot.test.mock.mockito.MockitoTestExecutionListener@2555fff0, org.springframework.boot.test.autoconfigure.SpringBootDependencyInjectionTestExecutionListener@70d2e40b, org.springframework.test.context.support.DirtiesContextTestExecutionListener@120f38e6, org.springframework.test.context.transaction.TransactionalTestExecutionListener@7a0e1b5e, org.springframework.test.context.jdbc.SqlScriptsTestExecutionListener@702ed190, org.springframework.test.context.event.EventPublishingTestExecutionListener@173b9122, org.springframework.boot.test.autoconfigure.restdocs.RestDocsTestExecutionListener@7c18432b, org.springframework.boot.test.autoconfigure.web.client.MockRestServiceServerResetTestExecutionListener@7646731d, org.springframework.boot.test.autoconfigure.web.servlet.MockMvcPrintOnlyOnFailureTestExecutionListener@70e29e14, org.springframework.boot.test.autoconfigure.web.servlet.WebDriverTestExecutionListener@3b1bb3ab, org.springframework.boot.test.autoconfigure.webservices.client.MockWebServiceServerTestExecutionListener@5a4bef8, org.springframework.boot.test.mock.mockito.ResetMocksTestExecutionListener@40bffbca]
21:34:00.059 [Test worker] DEBUG org.springframework.test.context.support.AbstractDirtiesContextTestExecutionListener - Before test class: context [DefaultTestContext@30c31dd7 testClass = ManagerServiceApplicationTests, testInstance = [null], testMethod = [null], testException = [null], mergedContextConfiguration = [WebMergedContextConfiguration@499b2a5c testClass = ManagerServiceApplicationTests, locations = '{}', classes = '{class com.example.managerservice.ManagerServiceApplication}', contextInitializerClasses = '[]', activeProfiles = '{}', propertySourceLocations = '{}', propertySourceProperties = '{org.springframework.boot.test.context.SpringBootTestContextBootstrapper=true}', contextCustomizers = set[org.springframework.boot.test.autoconfigure.actuate.metrics.MetricsExportContextCustomizerFactory$DisableMetricExportContextCustomizer@47a86fbb, org.springframework.boot.test.autoconfigure.properties.PropertyMappingContextCustomizer@0, org.springframework.boot.test.autoconfigure.web.servlet.WebDriverContextCustomizerFactory$Customizer@1ae67cad, org.springframework.boot.test.context.filter.ExcludeFilterContextCustomizer@463b4ac8, org.springframework.boot.test.json.DuplicateJsonObjectContextCustomizerFactory$DuplicateJsonObjectContextCustomizer@1d0d6318, org.springframework.boot.test.mock.mockito.MockitoContextCustomizer@0, org.springframework.boot.test.web.client.TestRestTemplateContextCustomizer@b6b1987, org.springframework.boot.test.context.SpringBootTestArgs@1, org.springframework.boot.test.context.SpringBootTestWebEnvironment@1e16c0aa], resourceBasePath = 'src/main/webapp', contextLoader = 'org.springframework.boot.test.context.SpringBootContextLoader', parent = [null]], attributes = map['org.springframework.test.context.web.ServletTestExecutionListener.activateListener' -> true]], class annotated with @DirtiesContext [false] with mode [null].

  .   ____          _            __ _ _
 /\\ / ___'_ __ _ _(_)_ __  __ _ \ \ \ \
( ( )\___ | '_ | '_| | '_ \/ _` | \ \ \ \
 \\/  ___)| |_)| | | | | || (_| |  ) ) ) )
  '  |____| .__|_| |_|_| |_\__, | / / / /
 =========|_|==============|___/=/_/_/_/
 :: Spring Boot ::                (v2.7.2)

2022-09-13 21:34:00.671  INFO 1563 --- [    Test worker] c.e.m.ManagerServiceApplicationTests     : Starting ManagerServiceApplicationTests using Java 11.0.11 on jeongui-MacBookPro.local with PID 1563 (started by jeonghunlee in /Users/jeonghunlee/Desktop/ENG Work File/ENG-SERVER/manager-service)
2022-09-13 21:34:00.674  INFO 1563 --- [    Test worker] c.e.m.ManagerServiceApplicationTests     : No active profile set, falling back to 1 default profile: "default"
2022-09-13 21:34:04.232  INFO 1563 --- [    Test worker] c.e.m.ManagerServiceApplicationTests     : Started ManagerServiceApplicationTests in 4.055 seconds (JVM running for 5.632)
]]></system-out>
  <system-err><![CDATA[]]></system-err>
</testsuite>
