<?xml version="1.0" encoding="UTF-8"?>
<testsuite name="com.example.managerservice.ManagerServiceApplicationTests" tests="1" skipped="0" failures="0" errors="0" timestamp="2022-08-24T13:13:15" hostname="JeongHuns-MacBook-Pro.local" time="0.556">
  <properties/>
  <testcase name="contextLoads()" classname="com.example.managerservice.ManagerServiceApplicationTests" time="0.556"/>
  <system-out><![CDATA[22:13:09.224 [Test worker] DEBUG org.springframework.test.context.BootstrapUtils - Instantiating CacheAwareContextLoaderDelegate from class [org.springframework.test.context.cache.DefaultCacheAwareContextLoaderDelegate]
22:13:09.240 [Test worker] DEBUG org.springframework.test.context.BootstrapUtils - Instantiating BootstrapContext using constructor [public org.springframework.test.context.support.DefaultBootstrapContext(java.lang.Class,org.springframework.test.context.CacheAwareContextLoaderDelegate)]
22:13:09.364 [Test worker] DEBUG org.springframework.test.context.BootstrapUtils - Instantiating TestContextBootstrapper for test class [com.example.managerservice.ManagerServiceApplicationTests] from class [org.springframework.boot.test.context.SpringBootTestContextBootstrapper]
22:13:09.388 [Test worker] INFO org.springframework.boot.test.context.SpringBootTestContextBootstrapper - Neither @ContextConfiguration nor @ContextHierarchy found for test class [com.example.managerservice.ManagerServiceApplicationTests], using SpringBootContextLoader
22:13:09.398 [Test worker] DEBUG org.springframework.test.context.support.AbstractContextLoader - Did not detect default resource location for test class [com.example.managerservice.ManagerServiceApplicationTests]: class path resource [com/example/managerservice/ManagerServiceApplicationTests-context.xml] does not exist
22:13:09.399 [Test worker] DEBUG org.springframework.test.context.support.AbstractContextLoader - Did not detect default resource location for test class [com.example.managerservice.ManagerServiceApplicationTests]: class path resource [com/example/managerservice/ManagerServiceApplicationTestsContext.groovy] does not exist
22:13:09.399 [Test worker] INFO org.springframework.test.context.support.AbstractContextLoader - Could not detect default resource locations for test class [com.example.managerservice.ManagerServiceApplicationTests]: no resource found for suffixes {-context.xml, Context.groovy}.
22:13:09.400 [Test worker] INFO org.springframework.test.context.support.AnnotationConfigContextLoaderUtils - Could not detect default configuration classes for test class [com.example.managerservice.ManagerServiceApplicationTests]: ManagerServiceApplicationTests does not declare any static, non-private, non-final, nested classes annotated with @Configuration.
22:13:09.471 [Test worker] DEBUG org.springframework.test.context.support.ActiveProfilesUtils - Could not find an 'annotation declaring class' for annotation type [org.springframework.test.context.ActiveProfiles] and class [com.example.managerservice.ManagerServiceApplicationTests]
22:13:09.562 [Test worker] DEBUG org.springframework.context.annotation.ClassPathScanningCandidateComponentProvider - Identified candidate component class: file [/Users/jeonghun/Desktop/ENG-SERVER/manager-service/build/classes/java/main/com/example/managerservice/ManagerServiceApplication.class]
22:13:09.565 [Test worker] INFO org.springframework.boot.test.context.SpringBootTestContextBootstrapper - Found @SpringBootConfiguration com.example.managerservice.ManagerServiceApplication for test class com.example.managerservice.ManagerServiceApplicationTests
22:13:09.718 [Test worker] DEBUG org.springframework.boot.test.context.SpringBootTestContextBootstrapper - @TestExecutionListeners is not present for class [com.example.managerservice.ManagerServiceApplicationTests]: using defaults.
22:13:09.718 [Test worker] INFO org.springframework.boot.test.context.SpringBootTestContextBootstrapper - Loaded default TestExecutionListener class names from location [META-INF/spring.factories]: [org.springframework.boot.test.autoconfigure.restdocs.RestDocsTestExecutionListener, org.springframework.boot.test.autoconfigure.web.client.MockRestServiceServerResetTestExecutionListener, org.springframework.boot.test.autoconfigure.web.servlet.MockMvcPrintOnlyOnFailureTestExecutionListener, org.springframework.boot.test.autoconfigure.web.servlet.WebDriverTestExecutionListener, org.springframework.boot.test.autoconfigure.webservices.client.MockWebServiceServerTestExecutionListener, org.springframework.boot.test.mock.mockito.MockitoTestExecutionListener, org.springframework.boot.test.mock.mockito.ResetMocksTestExecutionListener, org.springframework.test.context.web.ServletTestExecutionListener, org.springframework.test.context.support.DirtiesContextBeforeModesTestExecutionListener, org.springframework.test.context.event.ApplicationEventsTestExecutionListener, org.springframework.test.context.support.DependencyInjectionTestExecutionListener, org.springframework.test.context.support.DirtiesContextTestExecutionListener, org.springframework.test.context.transaction.TransactionalTestExecutionListener, org.springframework.test.context.jdbc.SqlScriptsTestExecutionListener, org.springframework.test.context.event.EventPublishingTestExecutionListener]
22:13:09.740 [Test worker] INFO org.springframework.boot.test.context.SpringBootTestContextBootstrapper - Using TestExecutionListeners: [org.springframework.test.context.web.ServletTestExecutionListener@7c18432b, org.springframework.test.context.support.DirtiesContextBeforeModesTestExecutionListener@7646731d, org.springframework.test.context.event.ApplicationEventsTestExecutionListener@70e29e14, org.springframework.boot.test.mock.mockito.MockitoTestExecutionListener@3b1bb3ab, org.springframework.boot.test.autoconfigure.SpringBootDependencyInjectionTestExecutionListener@5a4bef8, org.springframework.test.context.support.DirtiesContextTestExecutionListener@40bffbca, org.springframework.test.context.transaction.TransactionalTestExecutionListener@2449cff7, org.springframework.test.context.jdbc.SqlScriptsTestExecutionListener@42a9a63e, org.springframework.test.context.event.EventPublishingTestExecutionListener@62da83ed, org.springframework.boot.test.autoconfigure.restdocs.RestDocsTestExecutionListener@5d8445d7, org.springframework.boot.test.autoconfigure.web.client.MockRestServiceServerResetTestExecutionListener@37d80fe7, org.springframework.boot.test.autoconfigure.web.servlet.MockMvcPrintOnlyOnFailureTestExecutionListener@384fc774, org.springframework.boot.test.autoconfigure.web.servlet.WebDriverTestExecutionListener@e3cee7b, org.springframework.boot.test.autoconfigure.webservices.client.MockWebServiceServerTestExecutionListener@71e9a896, org.springframework.boot.test.mock.mockito.ResetMocksTestExecutionListener@6b9267b]
22:13:09.745 [Test worker] DEBUG org.springframework.test.context.support.AbstractDirtiesContextTestExecutionListener - Before test class: context [DefaultTestContext@285f09de testClass = ManagerServiceApplicationTests, testInstance = [null], testMethod = [null], testException = [null], mergedContextConfiguration = [WebMergedContextConfiguration@73393584 testClass = ManagerServiceApplicationTests, locations = '{}', classes = '{class com.example.managerservice.ManagerServiceApplication}', contextInitializerClasses = '[]', activeProfiles = '{}', propertySourceLocations = '{}', propertySourceProperties = '{org.springframework.boot.test.context.SpringBootTestContextBootstrapper=true}', contextCustomizers = set[org.springframework.boot.test.autoconfigure.actuate.metrics.MetricsExportContextCustomizerFactory$DisableMetricExportContextCustomizer@5a85c92, org.springframework.boot.test.autoconfigure.properties.PropertyMappingContextCustomizer@0, org.springframework.boot.test.autoconfigure.web.servlet.WebDriverContextCustomizerFactory$Customizer@13f17eb4, org.springframework.boot.test.context.filter.ExcludeFilterContextCustomizer@2a7686a7, org.springframework.boot.test.json.DuplicateJsonObjectContextCustomizerFactory$DuplicateJsonObjectContextCustomizer@312ab28e, org.springframework.boot.test.mock.mockito.MockitoContextCustomizer@0, org.springframework.boot.test.web.client.TestRestTemplateContextCustomizer@1e7aa82b, org.springframework.boot.test.context.SpringBootTestArgs@1, org.springframework.boot.test.context.SpringBootTestWebEnvironment@5be1d0a4], resourceBasePath = 'src/main/webapp', contextLoader = 'org.springframework.boot.test.context.SpringBootContextLoader', parent = [null]], attributes = map['org.springframework.test.context.web.ServletTestExecutionListener.activateListener' -> true]], class annotated with @DirtiesContext [false] with mode [null].

  .   ____          _            __ _ _
 /\\ / ___'_ __ _ _(_)_ __  __ _ \ \ \ \
( ( )\___ | '_ | '_| | '_ \/ _` | \ \ \ \
 \\/  ___)| |_)| | | | | || (_| |  ) ) ) )
  '  |____| .__|_| |_|_| |_\__, | / / / /
 =========|_|==============|___/=/_/_/_/
 :: Spring Boot ::                (v2.7.2)

2022-08-24 22:13:10.622  INFO 4942 --- [    Test worker] c.e.m.ManagerServiceApplicationTests     : Starting ManagerServiceApplicationTests using Java 11.0.13 on JeongHuns-MacBook-Pro.local with PID 4942 (started by jeonghun in /Users/jeonghun/Desktop/ENG-SERVER/manager-service)
2022-08-24 22:13:10.624  INFO 4942 --- [    Test worker] c.e.m.ManagerServiceApplicationTests     : No active profile set, falling back to 1 default profile: "default"
2022-08-24 22:13:15.615  INFO 4942 --- [    Test worker] c.e.m.ManagerServiceApplicationTests     : Started ManagerServiceApplicationTests in 5.806 seconds (JVM running for 8.162)
]]></system-out>
  <system-err><![CDATA[]]></system-err>
</testsuite>
