<?xml version="1.0" encoding="UTF-8"?>
<testsuite name="com.example.userservice.UserServiceApplicationTests" tests="1" skipped="0" failures="0" errors="0" timestamp="2022-09-03T22:46:08" hostname="jeongui-MacBookPro.local" time="0.485">
  <properties/>
  <testcase name="contextLoads()" classname="com.example.userservice.UserServiceApplicationTests" time="0.485"/>
  <system-out><![CDATA[07:46:02.522 [Test worker] DEBUG org.springframework.test.context.BootstrapUtils - Instantiating CacheAwareContextLoaderDelegate from class [org.springframework.test.context.cache.DefaultCacheAwareContextLoaderDelegate]
07:46:02.536 [Test worker] DEBUG org.springframework.test.context.BootstrapUtils - Instantiating BootstrapContext using constructor [public org.springframework.test.context.support.DefaultBootstrapContext(java.lang.Class,org.springframework.test.context.CacheAwareContextLoaderDelegate)]
07:46:02.587 [Test worker] DEBUG org.springframework.test.context.BootstrapUtils - Instantiating TestContextBootstrapper for test class [com.example.userservice.UserServiceApplicationTests] from class [org.springframework.boot.test.context.SpringBootTestContextBootstrapper]
07:46:02.603 [Test worker] INFO org.springframework.boot.test.context.SpringBootTestContextBootstrapper - Neither @ContextConfiguration nor @ContextHierarchy found for test class [com.example.userservice.UserServiceApplicationTests], using SpringBootContextLoader
07:46:02.607 [Test worker] DEBUG org.springframework.test.context.support.AbstractContextLoader - Did not detect default resource location for test class [com.example.userservice.UserServiceApplicationTests]: class path resource [com/example/userservice/UserServiceApplicationTests-context.xml] does not exist
07:46:02.607 [Test worker] DEBUG org.springframework.test.context.support.AbstractContextLoader - Did not detect default resource location for test class [com.example.userservice.UserServiceApplicationTests]: class path resource [com/example/userservice/UserServiceApplicationTestsContext.groovy] does not exist
07:46:02.607 [Test worker] INFO org.springframework.test.context.support.AbstractContextLoader - Could not detect default resource locations for test class [com.example.userservice.UserServiceApplicationTests]: no resource found for suffixes {-context.xml, Context.groovy}.
07:46:02.608 [Test worker] INFO org.springframework.test.context.support.AnnotationConfigContextLoaderUtils - Could not detect default configuration classes for test class [com.example.userservice.UserServiceApplicationTests]: UserServiceApplicationTests does not declare any static, non-private, non-final, nested classes annotated with @Configuration.
07:46:02.661 [Test worker] DEBUG org.springframework.test.context.support.ActiveProfilesUtils - Could not find an 'annotation declaring class' for annotation type [org.springframework.test.context.ActiveProfiles] and class [com.example.userservice.UserServiceApplicationTests]
07:46:02.728 [Test worker] DEBUG org.springframework.context.annotation.ClassPathScanningCandidateComponentProvider - Identified candidate component class: file [/Users/jeonghunlee/Desktop/ENG Work File/ENG-SERVER/user-service/build/classes/java/main/com/example/userservice/UserServiceApplication.class]
07:46:02.731 [Test worker] INFO org.springframework.boot.test.context.SpringBootTestContextBootstrapper - Found @SpringBootConfiguration com.example.userservice.UserServiceApplication for test class com.example.userservice.UserServiceApplicationTests
07:46:02.829 [Test worker] DEBUG org.springframework.boot.test.context.SpringBootTestContextBootstrapper - @TestExecutionListeners is not present for class [com.example.userservice.UserServiceApplicationTests]: using defaults.
07:46:02.830 [Test worker] INFO org.springframework.boot.test.context.SpringBootTestContextBootstrapper - Loaded default TestExecutionListener class names from location [META-INF/spring.factories]: [org.springframework.security.test.context.support.WithSecurityContextTestExecutionListener, org.springframework.security.test.context.support.ReactorContextTestExecutionListener, org.springframework.boot.test.autoconfigure.restdocs.RestDocsTestExecutionListener, org.springframework.boot.test.autoconfigure.web.client.MockRestServiceServerResetTestExecutionListener, org.springframework.boot.test.autoconfigure.web.servlet.MockMvcPrintOnlyOnFailureTestExecutionListener, org.springframework.boot.test.autoconfigure.web.servlet.WebDriverTestExecutionListener, org.springframework.boot.test.autoconfigure.webservices.client.MockWebServiceServerTestExecutionListener, org.springframework.boot.test.mock.mockito.MockitoTestExecutionListener, org.springframework.boot.test.mock.mockito.ResetMocksTestExecutionListener, org.springframework.test.context.web.ServletTestExecutionListener, org.springframework.test.context.support.DirtiesContextBeforeModesTestExecutionListener, org.springframework.test.context.event.ApplicationEventsTestExecutionListener, org.springframework.test.context.support.DependencyInjectionTestExecutionListener, org.springframework.test.context.support.DirtiesContextTestExecutionListener, org.springframework.test.context.transaction.TransactionalTestExecutionListener, org.springframework.test.context.jdbc.SqlScriptsTestExecutionListener, org.springframework.test.context.event.EventPublishingTestExecutionListener]
07:46:02.845 [Test worker] INFO org.springframework.boot.test.context.SpringBootTestContextBootstrapper - Using TestExecutionListeners: [org.springframework.test.context.web.ServletTestExecutionListener@51a06cbe, org.springframework.test.context.support.DirtiesContextBeforeModesTestExecutionListener@3dddbe65, org.springframework.test.context.event.ApplicationEventsTestExecutionListener@49a64d82, org.springframework.boot.test.mock.mockito.MockitoTestExecutionListener@344561e0, org.springframework.boot.test.autoconfigure.SpringBootDependencyInjectionTestExecutionListener@66d23e4a, org.springframework.test.context.support.DirtiesContextTestExecutionListener@36ac8a63, org.springframework.test.context.transaction.TransactionalTestExecutionListener@4d9d1b69, org.springframework.test.context.jdbc.SqlScriptsTestExecutionListener@52c8295b, org.springframework.security.test.context.support.WithSecurityContextTestExecutionListener@251f7d26, org.springframework.test.context.event.EventPublishingTestExecutionListener@77b21474, org.springframework.security.test.context.support.ReactorContextTestExecutionListener@52d10fb8, org.springframework.boot.test.autoconfigure.restdocs.RestDocsTestExecutionListener@41c07648, org.springframework.boot.test.autoconfigure.web.client.MockRestServiceServerResetTestExecutionListener@1fe8d51b, org.springframework.boot.test.autoconfigure.web.servlet.MockMvcPrintOnlyOnFailureTestExecutionListener@781e7326, org.springframework.boot.test.autoconfigure.web.servlet.WebDriverTestExecutionListener@22680f52, org.springframework.boot.test.autoconfigure.webservices.client.MockWebServiceServerTestExecutionListener@60d84f61, org.springframework.boot.test.mock.mockito.ResetMocksTestExecutionListener@39c11e6c]
07:46:02.848 [Test worker] DEBUG org.springframework.test.context.support.AbstractDirtiesContextTestExecutionListener - Before test class: context [DefaultTestContext@3a80515c testClass = UserServiceApplicationTests, testInstance = [null], testMethod = [null], testException = [null], mergedContextConfiguration = [WebMergedContextConfiguration@547e29a4 testClass = UserServiceApplicationTests, locations = '{}', classes = '{class com.example.userservice.UserServiceApplication}', contextInitializerClasses = '[]', activeProfiles = '{}', propertySourceLocations = '{}', propertySourceProperties = '{org.springframework.boot.test.context.SpringBootTestContextBootstrapper=true}', contextCustomizers = set[org.springframework.boot.test.autoconfigure.actuate.metrics.MetricsExportContextCustomizerFactory$DisableMetricExportContextCustomizer@549949be, org.springframework.boot.test.autoconfigure.properties.PropertyMappingContextCustomizer@0, org.springframework.boot.test.autoconfigure.web.servlet.WebDriverContextCustomizerFactory$Customizer@478ee483, org.springframework.boot.test.context.filter.ExcludeFilterContextCustomizer@665df3c6, org.springframework.boot.test.json.DuplicateJsonObjectContextCustomizerFactory$DuplicateJsonObjectContextCustomizer@5c00384f, org.springframework.boot.test.mock.mockito.MockitoContextCustomizer@0, org.springframework.boot.test.web.client.TestRestTemplateContextCustomizer@4d18aa28, org.springframework.boot.test.context.SpringBootTestArgs@1, org.springframework.boot.test.context.SpringBootTestWebEnvironment@2f01783a], resourceBasePath = 'src/main/webapp', contextLoader = 'org.springframework.boot.test.context.SpringBootContextLoader', parent = [null]], attributes = map['org.springframework.test.context.web.ServletTestExecutionListener.activateListener' -> true]], class annotated with @DirtiesContext [false] with mode [null].

  .   ____          _            __ _ _
 /\\ / ___'_ __ _ _(_)_ __  __ _ \ \ \ \
( ( )\___ | '_ | '_| | '_ \/ _` | \ \ \ \
 \\/  ___)| |_)| | | | | || (_| |  ) ) ) )
  '  |____| .__|_| |_|_| |_\__, | / / / /
 =========|_|==============|___/=/_/_/_/
 :: Spring Boot ::                (v2.7.3)

2022-09-04 07:46:03.480  INFO 2610 --- [    Test worker] c.e.u.UserServiceApplicationTests        : Starting UserServiceApplicationTests using Java 11.0.11 on jeongui-MacBookPro.local with PID 2610 (started by jeonghunlee in /Users/jeonghunlee/Desktop/ENG Work File/ENG-SERVER/user-service)
2022-09-04 07:46:03.482  INFO 2610 --- [    Test worker] c.e.u.UserServiceApplicationTests        : No active profile set, falling back to 1 default profile: "default"
2022-09-04 07:46:04.857  INFO 2610 --- [    Test worker] .s.d.r.c.RepositoryConfigurationDelegate : Multiple Spring Data modules found, entering strict repository configuration mode
2022-09-04 07:46:04.862  INFO 2610 --- [    Test worker] .s.d.r.c.RepositoryConfigurationDelegate : Bootstrapping Spring Data Redis repositories in DEFAULT mode.
2022-09-04 07:46:04.899  INFO 2610 --- [    Test worker] .s.d.r.c.RepositoryConfigurationDelegate : Finished Spring Data repository scanning in 25 ms. Found 0 Redis repository interfaces.
2022-09-04 07:46:07.152  WARN 2610 --- [    Test worker] .s.s.UserDetailsServiceAutoConfiguration : 

Using generated security password: 6f9f9818-a725-4d53-aca6-50f9507cf5a4

This generated password is for development use only. Your security configuration must be updated before running your application in production.

2022-09-04 07:46:07.288  INFO 2610 --- [    Test worker] o.s.s.web.DefaultSecurityFilterChain     : Will secure any request with [org.springframework.security.web.session.DisableEncodeUrlFilter@ac417a2, org.springframework.security.web.context.request.async.WebAsyncManagerIntegrationFilter@64c95480, org.springframework.security.web.context.SecurityContextPersistenceFilter@59f3426f, org.springframework.security.web.header.HeaderWriterFilter@70b196d3, org.springframework.security.web.authentication.logout.LogoutFilter@6f1d799, org.springframework.security.web.savedrequest.RequestCacheAwareFilter@6b2e9db2, org.springframework.security.web.servletapi.SecurityContextHolderAwareRequestFilter@28bd5015, org.springframework.security.web.authentication.AnonymousAuthenticationFilter@69499c6f, org.springframework.security.web.session.SessionManagementFilter@72001c71, org.springframework.security.web.access.ExceptionTranslationFilter@3cbfdf5c]
2022-09-04 07:46:08.609  INFO 2610 --- [    Test worker] c.e.u.UserServiceApplicationTests        : Started UserServiceApplicationTests in 5.65 seconds (JVM running for 7.244)
]]></system-out>
  <system-err><![CDATA[]]></system-err>
</testsuite>
